<?xml version="1.0" encoding="UTF-8"?>
<!-- Generated by org.testng.reporters.JUnitXMLReporter -->
<testsuite ignored="0" hostname="LAPTOP-ODMH23SS" failures="1" tests="61" name="Test" time="160.96" errors="0" timestamp="2024-10-24T07:01:58 IST">
  <testcase classname="TestCases.CheckOutpage_Two_Test" name="@BeforeMethod setUp" time="6.765">
    <failure type="org.openqa.selenium.NoSuchWindowException" message="no such window: target window already closed
from unknown error: web view not found
  (Session info: chrome=129.0.6668.101)
Build info: version: &amp;apos;4.11.0&amp;apos;, revision: &amp;apos;040bc5406b&amp;apos;
System info: os.name: &amp;apos;Windows 10&amp;apos;, os.arch: &amp;apos;amd64&amp;apos;, os.version: &amp;apos;10.0&amp;apos;, java.version: &amp;apos;17.0.6&amp;apos;
Driver info: org.openqa.selenium.chrome.ChromeDriver
Command: [76d6d21f9d5bbbb804137b31277f1c98, findElement {using=xpath, value=//button[@id=&amp;apos;add-to-cart-sauce-labs-bolt-t-shirt&amp;apos;]}]
Capabilities {acceptInsecureCerts: false, browserName: chrome, browserVersion: 129.0.6668.101, chrome: {chromedriverVersion: 129.0.6668.100 (cf58cba358d..., userDataDir: C:\Users\jayes\AppData\Loca...}, fedcm:accounts: true, goog:chromeOptions: {debuggerAddress: localhost:54559}, networkConnectionEnabled: false, pageLoadStrategy: normal, platformName: windows, proxy: Proxy(), se:cdp: ws://localhost:54559/devtoo..., se:cdpVersion: 129.0.6668.101, setWindowRect: true, strictFileInteractability: false, timeouts: {implicit: 0, pageLoad: 300000, script: 30000}, unhandledPromptBehavior: dismiss and notify, webauthn:extension:credBlob: true, webauthn:extension:largeBlob: true, webauthn:extension:minPinLength: true, webauthn:extension:prf: true, webauthn:virtualAuthenticators: true}
Session ID: 76d6d21f9d5bbbb804137b31277f1c98">
      <![CDATA[org.openqa.selenium.NoSuchWindowException: no such window: target window already closed
from unknown error: web view not found
  (Session info: chrome=129.0.6668.101)
Build info: version: '4.11.0', revision: '040bc5406b'
System info: os.name: 'Windows 10', os.arch: 'amd64', os.version: '10.0', java.version: '17.0.6'
Driver info: org.openqa.selenium.chrome.ChromeDriver
Command: [76d6d21f9d5bbbb804137b31277f1c98, findElement {using=xpath, value=//button[@id='add-to-cart-sauce-labs-bolt-t-shirt']}]
Capabilities {acceptInsecureCerts: false, browserName: chrome, browserVersion: 129.0.6668.101, chrome: {chromedriverVersion: 129.0.6668.100 (cf58cba358d..., userDataDir: C:\Users\jayes\AppData\Loca...}, fedcm:accounts: true, goog:chromeOptions: {debuggerAddress: localhost:54559}, networkConnectionEnabled: false, pageLoadStrategy: normal, platformName: windows, proxy: Proxy(), se:cdp: ws://localhost:54559/devtoo..., se:cdpVersion: 129.0.6668.101, setWindowRect: true, strictFileInteractability: false, timeouts: {implicit: 0, pageLoad: 300000, script: 30000}, unhandledPromptBehavior: dismiss and notify, webauthn:extension:credBlob: true, webauthn:extension:largeBlob: true, webauthn:extension:minPinLength: true, webauthn:extension:prf: true, webauthn:virtualAuthenticators: true}
Session ID: 76d6d21f9d5bbbb804137b31277f1c98
at org.openqa.selenium.remote.codec.w3c.W3CHttpResponseCodec.createException(W3CHttpResponseCodec.java:200)
at org.openqa.selenium.remote.codec.w3c.W3CHttpResponseCodec.decode(W3CHttpResponseCodec.java:133)
at org.openqa.selenium.remote.codec.w3c.W3CHttpResponseCodec.decode(W3CHttpResponseCodec.java:52)
at org.openqa.selenium.remote.HttpCommandExecutor.execute(HttpCommandExecutor.java:191)
at org.openqa.selenium.remote.service.DriverCommandExecutor.invokeExecute(DriverCommandExecutor.java:196)
at org.openqa.selenium.remote.service.DriverCommandExecutor.execute(DriverCommandExecutor.java:171)
at org.openqa.selenium.remote.RemoteWebDriver.execute(RemoteWebDriver.java:518)
at org.openqa.selenium.remote.ElementLocation$ElementFinder$2.findElement(ElementLocation.java:165)
at org.openqa.selenium.remote.ElementLocation.findElement(ElementLocation.java:59)
at org.openqa.selenium.remote.RemoteWebDriver.findElement(RemoteWebDriver.java:355)
at org.openqa.selenium.remote.RemoteWebDriver.findElement(RemoteWebDriver.java:349)
at org.openqa.selenium.support.pagefactory.DefaultElementLocator.findElement(DefaultElementLocator.java:68)
at org.openqa.selenium.support.pagefactory.internal.LocatingElementHandler.invoke(LocatingElementHandler.java:38)
at jdk.proxy2/jdk.proxy2.$Proxy17.click(Unknown Source)
at pages.InventoryPage.add6products(InventoryPage.java:65)
at TestCases.CheckOutpage_Two_Test.setUp(CheckOutpage_Two_Test.java:32)
at java.base/java.util.ArrayList.forEach(ArrayList.java:1511)
... Removed 36 stack frames]]>
    </failure>
  </testcase> <!-- @BeforeMethod setUp -->
  <testcase classname="TestCases.CheckOutpage_Two_Test" name="@AfterMethod CloseBrowser" time="0.0">
    <skipped/>
  </testcase> <!-- @AfterMethod CloseBrowser -->
  <testcase classname="TestCases.CheckOutpage_Two_Test" name="@BeforeMethod setUp" time="0.0">
    <skipped/>
  </testcase> <!-- @BeforeMethod setUp -->
  <testcase classname="TestCases.CheckOutpage_Two_Test" name="@AfterMethod CloseBrowser" time="0.0">
    <skipped/>
  </testcase> <!-- @AfterMethod CloseBrowser -->
  <testcase classname="TestCases.CheckOutpage_Two_Test" name="@BeforeMethod setUp" time="0.0">
    <skipped/>
  </testcase> <!-- @BeforeMethod setUp -->
  <testcase classname="TestCases.CheckOutpage_Two_Test" name="@AfterMethod CloseBrowser" time="0.0">
    <skipped/>
  </testcase> <!-- @AfterMethod CloseBrowser -->
  <testcase classname="TestCases.CheckOutpage_Two_Test" name="@BeforeMethod setUp" time="0.0">
    <skipped/>
  </testcase> <!-- @BeforeMethod setUp -->
  <testcase classname="TestCases.CheckOutpage_Two_Test" name="@AfterMethod CloseBrowser" time="0.0">
    <skipped/>
  </testcase> <!-- @AfterMethod CloseBrowser -->
  <testcase classname="TestCases.CheckOutpage_Two_Test" name="@BeforeMethod setUp" time="0.0">
    <skipped/>
  </testcase> <!-- @BeforeMethod setUp -->
  <testcase classname="TestCases.CheckOutpage_Two_Test" name="@AfterMethod CloseBrowser" time="0.0">
    <skipped/>
  </testcase> <!-- @AfterMethod CloseBrowser -->
  <testcase classname="TestCases.CheckOutpage_Two_Test" name="@BeforeMethod setUp" time="0.0">
    <skipped/>
  </testcase> <!-- @BeforeMethod setUp -->
  <testcase classname="TestCases.CheckOutpage_Two_Test" name="@AfterMethod CloseBrowser" time="0.0">
    <skipped/>
  </testcase> <!-- @AfterMethod CloseBrowser -->
  <testcase classname="TestCases.CheckOutpage_Two_Test" name="@BeforeMethod setUp" time="0.0">
    <skipped/>
  </testcase> <!-- @BeforeMethod setUp -->
  <testcase classname="TestCases.CheckOutpage_Two_Test" name="@AfterMethod CloseBrowser" time="0.0">
    <skipped/>
  </testcase> <!-- @AfterMethod CloseBrowser -->
  <testcase classname="TestCases.CheckOutpage_Two_Test" name="@BeforeMethod setUp" time="0.0">
    <skipped/>
  </testcase> <!-- @BeforeMethod setUp -->
  <testcase classname="TestCases.CheckOutpage_Two_Test" name="@AfterMethod CloseBrowser" time="0.0">
    <skipped/>
  </testcase> <!-- @AfterMethod CloseBrowser -->
  <testcase classname="TestCases.CheckOutpage_Two_Test" name="@BeforeMethod setUp" time="0.0">
    <skipped/>
  </testcase> <!-- @BeforeMethod setUp -->
  <testcase classname="TestCases.CheckOutpage_Two_Test" name="@AfterMethod CloseBrowser" time="0.0">
    <skipped/>
  </testcase> <!-- @AfterMethod CloseBrowser -->
  <testcase classname="TestCases.CheckOutpage_Two_Test" name="@BeforeMethod setUp" time="0.0">
    <skipped/>
  </testcase> <!-- @BeforeMethod setUp -->
  <testcase classname="TestCases.CheckOutpage_Two_Test" name="@AfterMethod CloseBrowser" time="0.0">
    <skipped/>
  </testcase> <!-- @AfterMethod CloseBrowser -->
  <testcase classname="TestCases.CheckOutpage_Two_Test" name="@BeforeMethod setUp" time="0.0">
    <skipped/>
  </testcase> <!-- @BeforeMethod setUp -->
  <testcase classname="TestCases.CheckOutpage_Two_Test" name="@AfterMethod CloseBrowser" time="0.0">
    <skipped/>
  </testcase> <!-- @AfterMethod CloseBrowser -->
  <testcase classname="TestCases.CheckOutpage_Two_Test" name="@BeforeMethod setUp" time="0.0">
    <skipped/>
  </testcase> <!-- @BeforeMethod setUp -->
  <testcase classname="TestCases.CheckOutpage_Two_Test" name="@AfterMethod CloseBrowser" time="0.0">
    <skipped/>
  </testcase> <!-- @AfterMethod CloseBrowser -->
  <testcase classname="TestCases.CheckOutpage_Two_Test" name="@BeforeMethod setUp" time="0.0">
    <skipped/>
  </testcase> <!-- @BeforeMethod setUp -->
  <testcase classname="TestCases.CheckOutpage_Two_Test" name="@AfterMethod CloseBrowser" time="0.0">
    <skipped/>
  </testcase> <!-- @AfterMethod CloseBrowser -->
  <testcase classname="TestCases.Cart_Page_Test" name="CheckoutBtntest" time="0.814"/>
  <testcase classname="TestCases.Cart_Page_Test" name="QTYLabeltest" time="0.07"/>
  <testcase classname="TestCases.Cart_Page_Test" name="VerifyCartLabeltest" time="0.054"/>
  <testcase classname="TestCases.Cart_Page_Test" name="VerifyContinueshopingBtntest" time="0.094"/>
  <testcase classname="TestCases.Cart_Page_Test" name="VerifyRemovePrdcttest" time="0.066"/>
  <testcase classname="TestCases.Cart_Page_Test" name="descrlabeltest" time="0.042"/>
  <testcase classname="TestCases.Cart_Page_Test" name="verifyLogotest" time="0.028"/>
  <testcase classname="TestCases.Cart_Page_Test" name="verifyTextFootertest" time="0.031"/>
  <testcase classname="TestCases.Cart_Page_Test" name="verifylogoFtest" time="0.022"/>
  <testcase classname="TestCases.Cart_Page_Test" name="verifylogoLTest" time="0.023"/>
  <testcase classname="TestCases.Cart_Page_Test" name="verifylogoTtest" time="0.025"/>
  <testcase classname="TestCases.CheckOutPage_Test" name="InputInfotest" time="0.245"/>
  <testcase classname="TestCases.CheckOutPage_Test" name="verifyCancleBtntest" time="0.043"/>
  <testcase classname="TestCases.CheckOutPage_Test" name="verifyLogotest" time="0.016"/>
  <testcase classname="TestCases.CheckOutPage_Test" name="verifychecklabeltest" time="0.019"/>
  <testcase classname="TestCases.InventoryPageTest" name="VerifyTwitterLogoTest" time="0.031"/>
  <testcase classname="TestCases.InventoryPageTest" name="add6products" time="0.379"/>
  <testcase classname="TestCases.InventoryPageTest" name="remove2products" time="0.452"/>
  <testcase classname="TestCases.InventoryPageTest" name="verifyLogotest" time="0.031"/>
  <testcase classname="TestCases.InventoryPageTest" name="verifyTitleOfInventoryPageTest" time="0.033"/>
  <testcase classname="TestCases.LoginTest" name="verifyMulticredstest" time="0.29"/>
  <testcase classname="TestCases.LoginTest" name="verifyMulticredstest" time="0.229">
    <failure type="java.lang.AssertionError" message="The following asserts failed:
	expected [https://www.saucedemo.com/] but found [https://www.saucedemo.com/inventory.html]">
      <![CDATA[java.lang.AssertionError: The following asserts failed:
expected [https://www.saucedemo.com/] but found [https://www.saucedemo.com/inventory.html]
at TestCases.LoginTest.verifyMulticredstest(LoginTest.java:61)
at java.base/java.util.ArrayList.forEach(ArrayList.java:1511)
... Removed 29 stack frames]]>
    </failure>
  </testcase> <!-- verifyMulticredstest -->
  <testcase classname="TestCases.LoginTest" name="verifyMulticredstest" time="0.251"/>
  <testcase classname="TestCases.LoginTest" name="verifyMulticredstest" time="5.275"/>
  <testcase classname="TestCases.LoginTest" name="verifyMulticredstest" time="0.25"/>
  <testcase classname="TestCases.LoginTest" name="verifyMulticredstest" time="0.274"/>
  <testcase classname="TestCases.LoginTest" name="verifyURLOfApplication" time="0.027"/>
  <testcase classname="TestCases.LoginTest" name="verifyTitleOfApplication" time="0.034"/>
  <testcase classname="TestCases.LoginTest" name="loginToApplication" time="0.309"/>
  <testcase classname="TestCases.Checkout_Complete_test" name="verifyBackProductBtntest" time="0.057"/>
  <testcase classname="TestCases.Checkout_Complete_test" name="verifyCartBtntest" time="0.052"/>
  <testcase classname="TestCases.Checkout_Complete_test" name="verifyCheckouttxttest" time="0.032"/>
  <testcase classname="TestCases.Checkout_Complete_test" name="verifyCompleteLogotest" time="0.028"/>
  <testcase classname="TestCases.Checkout_Complete_test" name="verifyDispatchedtxttest" time="0.023"/>
  <testcase classname="TestCases.Checkout_Complete_test" name="verifySwagLabsLogotest" time="0.025"/>
  <testcase classname="TestCases.Checkout_Complete_test" name="verifyTextFootertest" time="0.027"/>
  <testcase classname="TestCases.Checkout_Complete_test" name="verifyThankYoutxttest" time="0.023"/>
  <testcase classname="TestCases.Checkout_Complete_test" name="verifylogoFacebooktest" time="0.126"/>
  <testcase classname="TestCases.Checkout_Complete_test" name="verifylogoLinkedintest" time="0.109"/>
  <testcase classname="TestCases.Checkout_Complete_test" name="verifylogoTwittertest" time="0.114"/>
  <testcase classname="TestCases.CheckOutpage_Two_Test" name="verifyCancleBtntest" time="0.135"/>
  <testcase classname="TestCases.CheckOutpage_Two_Test" name="verifyDiscriptiontxttest" time="0.02"/>
  <testcase classname="TestCases.CheckOutpage_Two_Test" name="verifyFinishBtntest" time="0.055"/>
  <testcase classname="TestCases.CheckOutpage_Two_Test" name="verifyItemNametxttest" time="0.02"/>
  <testcase classname="TestCases.CheckOutpage_Two_Test" name="verifyItemQtyNotxttest" time="0.019"/>
  <testcase classname="TestCases.CheckOutpage_Two_Test" name="verifyLogotest" time="0.018"/>
  <testcase classname="TestCases.CheckOutpage_Two_Test" name="verifyPaymentInfoValuetest" time="0.022"/>
  <testcase classname="TestCases.CheckOutpage_Two_Test" name="verifyPriceTotalLabeltest" time="0.023"/>
  <testcase classname="TestCases.CheckOutpage_Two_Test" name="verifyPricetxttest" time="0.0">
    <skipped/>
  </testcase> <!-- verifyPricetxttest -->
  <testcase classname="TestCases.CheckOutpage_Two_Test" name="verifyProductInfotxttest" time="0.0">
    <skipped/>
  </testcase> <!-- verifyProductInfotxttest -->
  <testcase classname="TestCases.CheckOutpage_Two_Test" name="verifyProductPricetest" time="0.0">
    <skipped/>
  </testcase> <!-- verifyProductPricetest -->
  <testcase classname="TestCases.CheckOutpage_Two_Test" name="verifyQRTtxttest" time="0.0">
    <skipped/>
  </testcase> <!-- verifyQRTtxttest -->
  <testcase classname="TestCases.CheckOutpage_Two_Test" name="verifyShippingLabeltest" time="0.0">
    <skipped/>
  </testcase> <!-- verifyShippingLabeltest -->
  <testcase classname="TestCases.CheckOutpage_Two_Test" name="verifyShppingValuetest" time="0.0">
    <skipped/>
  </testcase> <!-- verifyShppingValuetest -->
  <testcase classname="TestCases.CheckOutpage_Two_Test" name="verifyTextFootertest" time="0.0">
    <skipped/>
  </testcase> <!-- verifyTextFootertest -->
  <testcase classname="TestCases.CheckOutpage_Two_Test" name="verifyTotaltest" time="0.0">
    <skipped/>
  </testcase> <!-- verifyTotaltest -->
  <testcase classname="TestCases.CheckOutpage_Two_Test" name="verifylogoFacebooktest" time="0.0">
    <skipped/>
  </testcase> <!-- verifylogoFacebooktest -->
  <testcase classname="TestCases.CheckOutpage_Two_Test" name="verifylogoLinkedintest" time="0.0">
    <skipped/>
  </testcase> <!-- verifylogoLinkedintest -->
  <testcase classname="TestCases.CheckOutpage_Two_Test" name="verifylogoTwittertest" time="0.0">
    <skipped/>
  </testcase> <!-- verifylogoTwittertest -->
  <testcase classname="TestCases.CheckOutpage_Two_Test" name="verifyoverviextxttest" time="0.001">
    <skipped/>
  </testcase> <!-- verifyoverviextxttest -->
  <testcase classname="TestCases.CheckOutpage_Two_Test" name="verifypaymentInfoLabeltest" time="0.0">
    <skipped/>
  </testcase> <!-- verifypaymentInfoLabeltest -->
</testsuite> <!-- Test -->
