<?xml version="1.0" encoding="UTF-8"?>
<!-- Generated by org.testng.reporters.JUnitReportReporter -->
<testsuite hostname="LAPTOP-ODMH23SS" failures="0" tests="22" name="TestCases.CheckOutpage_Two_Test" time="43.054" errors="1" timestamp="2024-10-24T07:01:58 IST" skipped="13">
  <testcase classname="TestCases.CheckOutpage_Two_Test" name="verifyShppingValuetest" time="5.575">
    <skipped/>
  </testcase> <!-- verifyShppingValuetest -->
  <system-out/>
  <testcase classname="TestCases.CheckOutpage_Two_Test" name="verifyDiscriptiontxttest" time="3.601"/>
  <system-out/>
  <testcase classname="TestCases.CheckOutpage_Two_Test" name="verifyTotaltest" time="3.919">
    <skipped/>
  </testcase> <!-- verifyTotaltest -->
  <system-out/>
  <testcase classname="TestCases.CheckOutpage_Two_Test" name="verifyPriceTotalLabeltest" time="4.333"/>
  <system-out/>
  <testcase classname="TestCases.CheckOutpage_Two_Test" name="verifyPaymentInfoValuetest" time="5.036"/>
  <system-out/>
  <testcase classname="TestCases.CheckOutpage_Two_Test" name="verifyoverviextxttest" time="4.117">
    <skipped/>
  </testcase> <!-- verifyoverviextxttest -->
  <system-out/>
  <testcase classname="TestCases.CheckOutpage_Two_Test" name="verifyPricetxttest" time="4.592">
    <skipped/>
  </testcase> <!-- verifyPricetxttest -->
  <system-out/>
  <testcase classname="TestCases.CheckOutpage_Two_Test" name="verifyTextFootertest" time="4.869">
    <skipped/>
  </testcase> <!-- verifyTextFootertest -->
  <system-out/>
  <testcase classname="TestCases.CheckOutpage_Two_Test" name="verifylogoFacebooktest" time="0.000">
    <skipped/>
  </testcase> <!-- verifylogoFacebooktest -->
  <system-out/>
  <testcase classname="TestCases.CheckOutpage_Two_Test" name="verifyQRTtxttest" time="0.000">
    <skipped/>
  </testcase> <!-- verifyQRTtxttest -->
  <system-out/>
  <testcase classname="TestCases.CheckOutpage_Two_Test" name="verifyShippingLabeltest" time="0.000">
    <skipped/>
  </testcase> <!-- verifyShippingLabeltest -->
  <system-out/>
  <testcase classname="TestCases.CheckOutpage_Two_Test" name="verifyProductPricetest" time="0.000">
    <skipped/>
  </testcase> <!-- verifyProductPricetest -->
  <system-out/>
  <testcase classname="TestCases.CheckOutpage_Two_Test" name="setUp" time="6.765">
    <error message="no such window: target window already closed
from unknown error: web view not found
  (Session info: chrome=129.0.6668.101)
Build info: version: &#039;4.11.0&#039;, revision: &#039;040bc5406b&#039;
System info: os.name: &#039;Windows 10&#039;, os.arch: &#039;amd64&#039;, os.version: &#039;10.0&#039;, java.version: &#039;17.0.6&#039;
Driver info: org.openqa.selenium.chrome.ChromeDriver
Command: [76d6d21f9d5bbbb804137b31277f1c98, findElement {using=xpath, value=//button[@id=&#039;add-to-cart-sauce-labs-bolt-t-shirt&#039;]}]
Capabilities {acceptInsecureCerts: false, browserName: chrome, browserVersion: 129.0.6668.101, chrome: {chromedriverVersion: 129.0.6668.100 (cf58cba358d..., userDataDir: C:\Users\jayes\AppData\Loca...}, fedcm:accounts: true, goog:chromeOptions: {debuggerAddress: localhost:54559}, networkConnectionEnabled: false, pageLoadStrategy: normal, platformName: windows, proxy: Proxy(), se:cdp: ws://localhost:54559/devtoo..., se:cdpVersion: 129.0.6668.101, setWindowRect: true, strictFileInteractability: false, timeouts: {implicit: 0, pageLoad: 300000, script: 30000}, unhandledPromptBehavior: dismiss and notify, webauthn:extension:credBlob: true, webauthn:extension:largeBlob: true, webauthn:extension:minPinLength: true, webauthn:extension:prf: true, webauthn:virtualAuthenticators: true}
Session ID: 76d6d21f9d5bbbb804137b31277f1c98" type="org.openqa.selenium.NoSuchWindowException">
      <![CDATA[org.openqa.selenium.NoSuchWindowException: no such window: target window already closed
from unknown error: web view not found
  (Session info: chrome=129.0.6668.101)
Build info: version: '4.11.0', revision: '040bc5406b'
System info: os.name: 'Windows 10', os.arch: 'amd64', os.version: '10.0', java.version: '17.0.6'
Driver info: org.openqa.selenium.chrome.ChromeDriver
Command: [76d6d21f9d5bbbb804137b31277f1c98, findElement {using=xpath, value=//button[@id='add-to-cart-sauce-labs-bolt-t-shirt']}]
Capabilities {acceptInsecureCerts: false, browserName: chrome, browserVersion: 129.0.6668.101, chrome: {chromedriverVersion: 129.0.6668.100 (cf58cba358d..., userDataDir: C:\Users\jayes\AppData\Loca...}, fedcm:accounts: true, goog:chromeOptions: {debuggerAddress: localhost:54559}, networkConnectionEnabled: false, pageLoadStrategy: normal, platformName: windows, proxy: Proxy(), se:cdp: ws://localhost:54559/devtoo..., se:cdpVersion: 129.0.6668.101, setWindowRect: true, strictFileInteractability: false, timeouts: {implicit: 0, pageLoad: 300000, script: 30000}, unhandledPromptBehavior: dismiss and notify, webauthn:extension:credBlob: true, webauthn:extension:largeBlob: true, webauthn:extension:minPinLength: true, webauthn:extension:prf: true, webauthn:virtualAuthenticators: true}
Session ID: 76d6d21f9d5bbbb804137b31277f1c98
at java.base/jdk.internal.reflect.NativeConstructorAccessorImpl.newInstance0(Native Method)
at java.base/jdk.internal.reflect.NativeConstructorAccessorImpl.newInstance(NativeConstructorAccessorImpl.java:77)
at java.base/jdk.internal.reflect.DelegatingConstructorAccessorImpl.newInstance(DelegatingConstructorAccessorImpl.java:45)
at java.base/java.lang.reflect.Constructor.newInstanceWithCaller(Constructor.java:499)
at java.base/java.lang.reflect.Constructor.newInstance(Constructor.java:480)
at org.openqa.selenium.remote.codec.w3c.W3CHttpResponseCodec.createException(W3CHttpResponseCodec.java:200)
at org.openqa.selenium.remote.codec.w3c.W3CHttpResponseCodec.decode(W3CHttpResponseCodec.java:133)
at org.openqa.selenium.remote.codec.w3c.W3CHttpResponseCodec.decode(W3CHttpResponseCodec.java:52)
at org.openqa.selenium.remote.HttpCommandExecutor.execute(HttpCommandExecutor.java:191)
at org.openqa.selenium.remote.service.DriverCommandExecutor.invokeExecute(DriverCommandExecutor.java:196)
at org.openqa.selenium.remote.service.DriverCommandExecutor.execute(DriverCommandExecutor.java:171)
at org.openqa.selenium.remote.RemoteWebDriver.execute(RemoteWebDriver.java:518)
at org.openqa.selenium.remote.ElementLocation$ElementFinder$2.findElement(ElementLocation.java:165)
at org.openqa.selenium.remote.ElementLocation.findElement(ElementLocation.java:59)
at org.openqa.selenium.remote.RemoteWebDriver.findElement(RemoteWebDriver.java:355)
at org.openqa.selenium.remote.RemoteWebDriver.findElement(RemoteWebDriver.java:349)
at org.openqa.selenium.support.pagefactory.DefaultElementLocator.findElement(DefaultElementLocator.java:68)
at org.openqa.selenium.support.pagefactory.internal.LocatingElementHandler.invoke(LocatingElementHandler.java:38)
at jdk.proxy2/jdk.proxy2.$Proxy17.click(Unknown Source)
at pages.InventoryPage.add6products(InventoryPage.java:65)
at TestCases.CheckOutpage_Two_Test.setUp(CheckOutpage_Two_Test.java:32)
at java.base/jdk.internal.reflect.NativeMethodAccessorImpl.invoke0(Native Method)
at java.base/jdk.internal.reflect.NativeMethodAccessorImpl.invoke(NativeMethodAccessorImpl.java:77)
at java.base/jdk.internal.reflect.DelegatingMethodAccessorImpl.invoke(DelegatingMethodAccessorImpl.java:43)
at java.base/java.lang.reflect.Method.invoke(Method.java:568)
at org.testng.internal.invokers.MethodInvocationHelper.invokeMethod(MethodInvocationHelper.java:139)
at org.testng.internal.invokers.MethodInvocationHelper.invokeMethodConsideringTimeout(MethodInvocationHelper.java:69)
at org.testng.internal.invokers.ConfigInvoker.invokeConfigurationMethod(ConfigInvoker.java:361)
at org.testng.internal.invokers.ConfigInvoker.invokeConfigurations(ConfigInvoker.java:296)
at org.testng.internal.invokers.TestInvoker.runConfigMethods(TestInvoker.java:823)
at org.testng.internal.invokers.TestInvoker.invokeMethod(TestInvoker.java:590)
at org.testng.internal.invokers.TestInvoker.invokeTestMethod(TestInvoker.java:221)
at org.testng.internal.invokers.MethodRunner.runInSequence(MethodRunner.java:50)
at org.testng.internal.invokers.TestInvoker$MethodInvocationAgent.invoke(TestInvoker.java:969)
at org.testng.internal.invokers.TestInvoker.invokeTestMethods(TestInvoker.java:194)
at org.testng.internal.invokers.TestMethodWorker.invokeTestMethods(TestMethodWorker.java:148)
at org.testng.internal.invokers.TestMethodWorker.run(TestMethodWorker.java:128)
at java.base/java.util.ArrayList.forEach(ArrayList.java:1511)
at org.testng.TestRunner.privateRun(TestRunner.java:829)
at org.testng.TestRunner.run(TestRunner.java:602)
at org.testng.SuiteRunner.runTest(SuiteRunner.java:437)
at org.testng.SuiteRunner.runSequentially(SuiteRunner.java:431)
at org.testng.SuiteRunner.privateRun(SuiteRunner.java:391)
at org.testng.SuiteRunner.run(SuiteRunner.java:330)
at org.testng.SuiteRunnerWorker.runSuite(SuiteRunnerWorker.java:52)
at org.testng.SuiteRunnerWorker.run(SuiteRunnerWorker.java:95)
at org.testng.TestNG.runSuitesSequentially(TestNG.java:1256)
at org.testng.TestNG.runSuitesLocally(TestNG.java:1176)
at org.testng.TestNG.runSuites(TestNG.java:1099)
at org.testng.TestNG.run(TestNG.java:1067)
at org.testng.remote.AbstractRemoteTestNG.run(AbstractRemoteTestNG.java:115)
at org.testng.remote.RemoteTestNG.initAndRun(RemoteTestNG.java:293)
at org.testng.remote.RemoteTestNG.main(RemoteTestNG.java:91)
]]>
    </error>
  </testcase> <!-- setUp -->
  <system-out/>
  <testcase classname="TestCases.CheckOutpage_Two_Test" name="verifyProductInfotxttest" time="0.000">
    <skipped/>
  </testcase> <!-- verifyProductInfotxttest -->
  <system-out/>
  <testcase classname="TestCases.CheckOutpage_Two_Test" name="verifylogoLinkedintest" time="0.000">
    <skipped/>
  </testcase> <!-- verifylogoLinkedintest -->
  <system-out/>
  <testcase classname="TestCases.CheckOutpage_Two_Test" name="verifyCancleBtntest" time="0.135"/>
  <system-out/>
  <testcase classname="TestCases.CheckOutpage_Two_Test" name="verifypaymentInfoLabeltest" time="0.000">
    <skipped/>
  </testcase> <!-- verifypaymentInfoLabeltest -->
  <system-out/>
  <testcase classname="TestCases.CheckOutpage_Two_Test" name="verifyLogotest" time="0.018"/>
  <system-out/>
  <testcase classname="TestCases.CheckOutpage_Two_Test" name="verifyFinishBtntest" time="0.055"/>
  <system-out/>
  <testcase classname="TestCases.CheckOutpage_Two_Test" name="verifyItemNametxttest" time="0.020"/>
  <system-out/>
  <testcase classname="TestCases.CheckOutpage_Two_Test" name="verifyItemQtyNotxttest" time="0.019"/>
  <system-out/>
  <testcase classname="TestCases.CheckOutpage_Two_Test" name="verifylogoTwittertest" time="0.000">
    <skipped/>
  </testcase> <!-- verifylogoTwittertest -->
  <system-out/>
</testsuite> <!-- TestCases.CheckOutpage_Two_Test -->
